<?xml version="1.0" encoding="UTF-8"?>
<testng-results ignored="0" total="1" passed="1" failed="0" skipped="0">
  <reporter-output>
  </reporter-output>
  <suite started-at="2024-09-18T08:52:20 IST" name="Default suite" finished-at="2024-09-18T08:52:33 IST" duration-ms="13477">
    <groups>
    </groups>
    <test started-at="2024-09-18T08:52:20 IST" name="Default test" finished-at="2024-09-18T08:52:33 IST" duration-ms="13477">
      <class name="sep18th.ValidateLoginWithProperites">
        <test-method is-config="true" signature="setUp()[pri:0, instance:sep18th.ValidateLoginWithProperites@4b013c76]" started-at="2024-09-18T08:52:20 IST" name="setUp" finished-at="2024-09-18T08:52:28 IST" duration-ms="8061" status="PASS">
          <reporter-output>
          </reporter-output>
        </test-method> <!-- setUp -->
        <test-method signature="validateLoginTest()[pri:0, instance:sep18th.ValidateLoginWithProperites@4b013c76]" started-at="2024-09-18T08:52:28 IST" name="validateLoginTest" finished-at="2024-09-18T08:52:30 IST" duration-ms="1910" status="PASS">
          <reporter-output>
          </reporter-output>
        </test-method> <!-- validateLoginTest -->
        <test-method is-config="true" signature="teardown()[pri:0, instance:sep18th.ValidateLoginWithProperites@4b013c76]" started-at="2024-09-18T08:52:30 IST" name="teardown" finished-at="2024-09-18T08:52:33 IST" duration-ms="3447" status="PASS">
          <reporter-output>
          </reporter-output>
        </test-method> <!-- teardown -->
      </class> <!-- sep18th.ValidateLoginWithProperites -->
    </test> <!-- Default test -->
  </suite> <!-- Default suite -->
</testng-results>
